[2014-06-25 22:29:53] START
[2014-06-25 22:36:15] EDIT pulse/controllers/default.py: -40
[2014-06-25 22:45:46] EDIT pulse/views/default/index.html: -23
[2014-06-25 22:46:35] CREATE default/pulser.html: 0
[2014-06-25 22:46:52] EDIT pulse/views/default/pulser.html: 5
[2014-06-25 22:51:02] EDIT pulse/controllers/default.py: 0
[2014-06-25 22:57:44] EDIT pulse/controllers/default.py: 4
[2014-06-25 22:58:01] EDIT pulse/controllers/default.py: 0
[2014-06-25 23:01:15] EDIT pulse/views/default/pulser.html: 3
[2014-06-25 23:06:51] EDIT pulse/views/layout.html: -128
[2014-06-25 23:46:52] CREATE test.html: 0
[2014-06-25 23:47:05] DELETE pulse/views/test.html: -3
[2014-06-25 23:47:16] CREATE test/index.html: 0
[2014-06-25 23:50:56] EDIT pulse/views/test/index.html: 7
[2014-06-25 23:52:11] CREATE test.py: 0
[2014-06-25 23:53:10] EDIT pulse/controllers/test.py: 3
[2014-06-26 00:02:23] CREATE test_layout.html: 0
[2014-06-26 00:02:47] EDIT pulse/views/test/index.html: 0
[2014-06-26 00:12:53] EDIT pulse/views/test_layout.html: 27
[2014-06-26 00:16:25] EDIT pulse/views/layout.html: 9
[2014-06-26 00:20:08] EDIT pulse/views/test/index.html: 0
[2014-06-26 00:24:49] EDIT pulse/views/layout.html: 0
[2014-06-26 00:32:34] EDIT pulse/views/layout.html: 0
[2014-06-26 00:32:57] EDIT pulse/views/layout.html: 0
[2014-06-26 00:42:36] EDIT pulse/controllers/default.py: -5
[2014-06-26 00:44:46] EDIT pulse/views/default/index.html: 1
[2014-06-26 00:49:30] EDIT pulse/controllers/default.py: 1
[2014-06-26 00:54:31] CREATE default/pulse.html: 0
[2014-06-26 00:55:18] EDIT pulse/views/default/pulse.html: 8
[2014-06-26 00:58:25] EDIT pulse/controllers/default.py: -1
[2014-06-26 01:03:14] EDIT pulse/controllers/default.py: 0
[2014-06-27 00:30:31] EDIT pulse/controllers/default.py: 0
[2014-06-27 01:03:13] EDIT pulse/views/default/index.html: 0
